2022-06-08 09:38:19 - Starting RolePermissionApplication using Java 17.0.3 on WIN-HI0IRFTLR7J with PID 10584 (C:\Users\Usmon Ataboyev\Desktop\Bobur aka Carparation\role-permission\target\classes started by Usmon Ataboyev in C:\Users\Usmon Ataboyev\Desktop\Bobur aka Carparation\role-permission)
2022-06-08 09:38:19 - The following 1 profile is active: "dev"
2022-06-08 09:38:23 - Bootstrapping Spring Data JPA repositories in DEFAULT mode.
2022-06-08 09:38:23 - Finished Spring Data repository scanning in 455 ms. Found 2 JPA repository interfaces.
2022-06-08 09:38:26 - Tomcat initialized with port(s): 8084 (http)
2022-06-08 09:38:26 - Starting service [Tomcat]
2022-06-08 09:38:26 - Starting Servlet engine: [Apache Tomcat/9.0.63]
2022-06-08 09:38:27 - Initializing Spring embedded WebApplicationContext
2022-06-08 09:38:27 - Root WebApplicationContext: initialization completed in 7374 ms
2022-06-08 09:38:28 - HikariPool-1 - Starting...
2022-06-08 09:38:30 - HikariPool-1 - Start completed.
2022-06-08 09:38:34 - Initialized JPA EntityManagerFactory for persistence unit 'default'
2022-06-08 09:38:35 - spring.jpa.open-in-view is enabled by default. Therefore, database queries may be performed during view rendering. Explicitly configure spring.jpa.open-in-view to disable this warning
2022-06-08 09:38:37 - Will secure any request with [org.springframework.security.web.session.DisableEncodeUrlFilter@1390a415, org.springframework.security.web.context.request.async.WebAsyncManagerIntegrationFilter@3a5b1af7, org.springframework.security.web.context.SecurityContextPersistenceFilter@45964b9e, org.springframework.security.web.header.HeaderWriterFilter@9fd3b61, org.springframework.web.filter.CorsFilter@4932d580, org.springframework.security.web.authentication.logout.LogoutFilter@43120a77, uz.yengilyechim.rolepermission.security.JWTFilter@44a485bc, org.springframework.security.web.savedrequest.RequestCacheAwareFilter@15bcecf9, org.springframework.security.web.servletapi.SecurityContextHolderAwareRequestFilter@77622c82, org.springframework.security.web.authentication.AnonymousAuthenticationFilter@7603cfc2, org.springframework.security.web.session.SessionManagementFilter@219a2203, org.springframework.security.web.access.ExceptionTranslationFilter@5ca3acad, org.springframework.security.web.access.intercept.FilterSecurityInterceptor@46573cfe]
2022-06-08 09:38:38 - Tomcat started on port(s): 8084 (http) with context path ''
2022-06-08 09:38:38 - Started RolePermissionApplication in 21.699 seconds (JVM running for 26.207)
2022-06-08 09:42:27 - Initializing Spring DispatcherServlet 'dispatcherServlet'
2022-06-08 09:50:52 - Starting RolePermissionApplication using Java 17.0.3 on WIN-HI0IRFTLR7J with PID 10060 (C:\Users\Usmon Ataboyev\Desktop\Bobur aka Carparation\role-permission\target\classes started by Usmon Ataboyev in C:\Users\Usmon Ataboyev\Desktop\Bobur aka Carparation\role-permission)
2022-06-08 09:50:52 - The following 1 profile is active: "dev"
2022-06-08 09:50:53 - Bootstrapping Spring Data JPA repositories in DEFAULT mode.
2022-06-08 09:50:54 - Finished Spring Data repository scanning in 109 ms. Found 2 JPA repository interfaces.
2022-06-08 09:50:55 - Tomcat initialized with port(s): 8084 (http)
2022-06-08 09:50:55 - Starting service [Tomcat]
2022-06-08 09:50:55 - Starting Servlet engine: [Apache Tomcat/9.0.63]
2022-06-08 09:50:55 - Initializing Spring embedded WebApplicationContext
2022-06-08 09:50:55 - Root WebApplicationContext: initialization completed in 3017 ms
2022-06-08 09:50:56 - HikariPool-1 - Starting...
2022-06-08 09:50:56 - HikariPool-1 - Start completed.
2022-06-08 09:50:59 - Initialized JPA EntityManagerFactory for persistence unit 'default'
2022-06-08 09:51:00 - spring.jpa.open-in-view is enabled by default. Therefore, database queries may be performed during view rendering. Explicitly configure spring.jpa.open-in-view to disable this warning
2022-06-08 09:51:01 - Will secure any request with [org.springframework.security.web.session.DisableEncodeUrlFilter@60256d1b, org.springframework.security.web.context.request.async.WebAsyncManagerIntegrationFilter@24b4f4a, org.springframework.security.web.context.SecurityContextPersistenceFilter@6a261998, org.springframework.security.web.header.HeaderWriterFilter@43201f84, org.springframework.web.filter.CorsFilter@5d8a1456, org.springframework.security.web.authentication.logout.LogoutFilter@3fb0d9de, uz.yengilyechim.rolepermission.security.JWTFilter@543ba2e1, org.springframework.security.web.savedrequest.RequestCacheAwareFilter@34c07ecc, org.springframework.security.web.servletapi.SecurityContextHolderAwareRequestFilter@29b0c169, org.springframework.security.web.authentication.AnonymousAuthenticationFilter@351fadfa, org.springframework.security.web.session.SessionManagementFilter@443b6765, org.springframework.security.web.access.ExceptionTranslationFilter@9fd3b61, org.springframework.security.web.access.intercept.FilterSecurityInterceptor@6bbb3280]
2022-06-08 09:51:02 - Tomcat started on port(s): 8084 (http) with context path ''
2022-06-08 09:51:02 - Started RolePermissionApplication in 10.659 seconds (JVM running for 14.722)
2022-06-08 09:51:06 - Initializing Spring DispatcherServlet 'dispatcherServlet'
